
2023-09-14 19:33:23 ::1 request:{"email":"chatwimon.wa@rmuti.ac.th","password":"0967454821","session":""} response:{"result":0,"message":"\u0e40\u0e02\u0e49\u0e32\u0e2a\u0e39\u0e48\u0e23\u0e30\u0e1a\u0e1a\u0e44\u0e21\u0e48\u0e2a\u0e33\u0e40\u0e23\u0e47\u0e08"}
2023-09-14 19:34:24 ::1 request:{"email":"","password":"","session":""} response:{"result":0,"message":"\u0e40\u0e02\u0e49\u0e32\u0e2a\u0e39\u0e48\u0e23\u0e30\u0e1a\u0e1a\u0e44\u0e21\u0e48\u0e2a\u0e33\u0e40\u0e23\u0e47\u0e08"}
2023-09-14 19:36:04 ::1 request:{"email":"Ronnie@gmail.com","password":"Ronnie123456","session":""} response:{"result":1,"message":"\u0e40\u0e02\u0e49\u0e32\u0e2a\u0e39\u0e48\u0e23\u0e30\u0e1a\u0e1a"}
2023-09-14 19:39:36 ::1 request:{"email":"Sean@gmail.com","password":"Sean123456","session":""} response:{"result":1,"message":"\u0e40\u0e02\u0e49\u0e32\u0e2a\u0e39\u0e48\u0e23\u0e30\u0e1a\u0e1a"}
2023-09-14 20:36:52 ::1 request:{"email":"","password":"","session":""} response:{"result":0,"message":"\u0e40\u0e02\u0e49\u0e32\u0e2a\u0e39\u0e48\u0e23\u0e30\u0e1a\u0e1a\u0e44\u0e21\u0e48\u0e2a\u0e33\u0e40\u0e23\u0e47\u0e08"}
2023-09-14 20:37:00 ::1 request:{"email":"Sean@gmail.com","password":"Sean123456","session":""} response:{"result":1,"message":"\u0e40\u0e02\u0e49\u0e32\u0e2a\u0e39\u0e48\u0e23\u0e30\u0e1a\u0e1a"}
2023-09-14 20:37:34 ::1 request:{"email":"Sean@gmail.com","password":"Sean123456","session":""} response:{"result":1,"message":"\u0e40\u0e02\u0e49\u0e32\u0e2a\u0e39\u0e48\u0e23\u0e30\u0e1a\u0e1a"}
2023-09-14 20:39:11 ::1 request:{"email":"Sean@gmail.com","password":"Sean123456","session":""} response:{"result":1,"message":"\u0e40\u0e02\u0e49\u0e32\u0e2a\u0e39\u0e48\u0e23\u0e30\u0e1a\u0e1a"}
2023-09-14 20:39:58 ::1 request:{"email":"Sean@gmail.com","password":"Sean123456","session":""} response:{"result":1,"message":"\u0e40\u0e02\u0e49\u0e32\u0e2a\u0e39\u0e48\u0e23\u0e30\u0e1a\u0e1a"}
2023-09-14 20:43:03 ::1 request:{"email":"Sean@gmail.com","password":"Sean123456","session":"ajijsudq952vbteni7t093acub"} response:{"result":1,"message":"\u0e40\u0e02\u0e49\u0e32\u0e2a\u0e39\u0e48\u0e23\u0e30\u0e1a\u0e1a"}
2023-09-21 04:15:04 ::1 request:{"email":"Sean@gmail.com","password":"Sean123456","session":"9de172tpih3bo7tpkrnu065t9e"} response:{"result":1,"message":"\u0e40\u0e02\u0e49\u0e32\u0e2a\u0e39\u0e48\u0e23\u0e30\u0e1a\u0e1a"}
2023-09-21 04:18:55 ::1 request:{"email":"Sean@gmail.com","password":"0967454821","session":"9de172tpih3bo7tpkrnu065t9e"} response:{"result":0,"message":"\u0e40\u0e02\u0e49\u0e32\u0e2a\u0e39\u0e48\u0e23\u0e30\u0e1a\u0e1a\u0e44\u0e21\u0e48\u0e2a\u0e33\u0e40\u0e23\u0e47\u0e08"}
2023-09-21 04:19:01 ::1 request:{"email":"Sean@gmail.com","password":"Sean123456","session":"9de172tpih3bo7tpkrnu065t9e"} response:{"result":1,"message":"\u0e40\u0e02\u0e49\u0e32\u0e2a\u0e39\u0e48\u0e23\u0e30\u0e1a\u0e1a"}
2023-09-21 04:21:38 ::1 request:{"email":"Sean@gmail.com","password":"Sean123456","session":"9de172tpih3bo7tpkrnu065t9e"} response:{"result":1,"message":"\u0e40\u0e02\u0e49\u0e32\u0e2a\u0e39\u0e48\u0e23\u0e30\u0e1a\u0e1a"}
2023-09-21 04:21:45 ::1 request:{"email":"Sean@gmail.com","password":"Sean123456","session":"9de172tpih3bo7tpkrnu065t9e"} response:{"result":1,"message":"\u0e40\u0e02\u0e49\u0e32\u0e2a\u0e39\u0e48\u0e23\u0e30\u0e1a\u0e1a"}
2023-09-21 04:22:02 ::1 request:{"email":"Sean@gmail.com","password":"Sean123456","session":"9de172tpih3bo7tpkrnu065t9e"} response:{"result":1,"message":"\u0e40\u0e02\u0e49\u0e32\u0e2a\u0e39\u0e48\u0e23\u0e30\u0e1a\u0e1a"}
2023-09-21 04:22:26 ::1 request:{"email":"Sean@gmail.com","password":"Sean123456","session":"9de172tpih3bo7tpkrnu065t9e"} response:{"result":1,"message":"\u0e40\u0e02\u0e49\u0e32\u0e2a\u0e39\u0e48\u0e23\u0e30\u0e1a\u0e1a"}
2023-09-21 04:22:38 ::1 request:{"email":"Sean@gmail.com","password":"0967454821","session":"9de172tpih3bo7tpkrnu065t9e"} response:{"result":0,"message":"\u0e40\u0e02\u0e49\u0e32\u0e2a\u0e39\u0e48\u0e23\u0e30\u0e1a\u0e1a\u0e44\u0e21\u0e48\u0e2a\u0e33\u0e40\u0e23\u0e47\u0e08"}
2023-09-21 04:29:53 ::1 request:{"email":"Sean@gmail.com","password":"Sean123456","session":"93kkst0rs2o1vb9e4ufh703tl6"} response:{"result":1,"message":"\u0e40\u0e02\u0e49\u0e32\u0e2a\u0e39\u0e48\u0e23\u0e30\u0e1a\u0e1a"}
2023-09-21 04:30:17 ::1 request:{"email":"Sean@gmail.com","password":"Sean123456","session":"93kkst0rs2o1vb9e4ufh703tl6"} response:{"result":1,"message":"\u0e40\u0e02\u0e49\u0e32\u0e2a\u0e39\u0e48\u0e23\u0e30\u0e1a\u0e1a"}
2023-09-21 04:36:12 ::1 request:{"email":"Sean@gmail.com","password":"Sean123456","session":"93kkst0rs2o1vb9e4ufh703tl6"} response:{"result":1,"message":"\u0e40\u0e02\u0e49\u0e32\u0e2a\u0e39\u0e48\u0e23\u0e30\u0e1a\u0e1a"}
2023-09-21 04:36:41 ::1 request:{"email":"Sean@gmail.com","password":"Sean123456","session":"93kkst0rs2o1vb9e4ufh703tl6"} response:{"result":1,"message":"\u0e40\u0e02\u0e49\u0e32\u0e2a\u0e39\u0e48\u0e23\u0e30\u0e1a\u0e1a"}
2023-09-21 04:40:22 ::1 request:{"email":"Sean@gmail.com","password":"Sean123456","session":"ccnu8n3vojorvorc0tctgtosrv"} response:{"result":1,"message":"\u0e40\u0e02\u0e49\u0e32\u0e2a\u0e39\u0e48\u0e23\u0e30\u0e1a\u0e1a"}
2023-09-21 04:42:23 ::1 request:{"email":"Sean@gmail.com","password":"Sean123456","session":"ps9kmo2vm6o28inc8c6dpj7bgt"} response:{"result":1,"message":"\u0e40\u0e02\u0e49\u0e32\u0e2a\u0e39\u0e48\u0e23\u0e30\u0e1a\u0e1a"}
2023-09-21 04:42:25 ::1 request:{"email":"","password":"","session":"ps9kmo2vm6o28inc8c6dpj7bgt"} response:{"result":0,"message":"\u0e40\u0e02\u0e49\u0e32\u0e2a\u0e39\u0e48\u0e23\u0e30\u0e1a\u0e1a\u0e44\u0e21\u0e48\u0e2a\u0e33\u0e40\u0e23\u0e47\u0e08"}
2023-09-21 04:43:36 ::1 request:{"email":"Sean@gmail.com","password":"Sean123456","session":"ps9kmo2vm6o28inc8c6dpj7bgt"} response:{"result":1,"message":"\u0e40\u0e02\u0e49\u0e32\u0e2a\u0e39\u0e48\u0e23\u0e30\u0e1a\u0e1a"}
2023-09-21 04:44:16 ::1 request:{"email":"chatwimon.wa@rmuti.ac.th","password":"Sean123456","session":"ps9kmo2vm6o28inc8c6dpj7bgt"} response:{"result":0,"message":"\u0e40\u0e02\u0e49\u0e32\u0e2a\u0e39\u0e48\u0e23\u0e30\u0e1a\u0e1a\u0e44\u0e21\u0e48\u0e2a\u0e33\u0e40\u0e23\u0e47\u0e08"}
2023-09-21 04:44:20 ::1 request:{"email":"Sean@gmail.com","password":"Sean123456","session":"ps9kmo2vm6o28inc8c6dpj7bgt"} response:{"result":1,"message":"\u0e40\u0e02\u0e49\u0e32\u0e2a\u0e39\u0e48\u0e23\u0e30\u0e1a\u0e1a"}
2023-09-21 04:45:02 ::1 request:{"email":"Sean@gmail.com","password":"Sean123456","session":"ps9kmo2vm6o28inc8c6dpj7bgt"} response:{"result":1,"message":"\u0e40\u0e02\u0e49\u0e32\u0e2a\u0e39\u0e48\u0e23\u0e30\u0e1a\u0e1a"}
2023-09-21 04:46:19 ::1 request:{"email":"Sean@gmail.com","password":"Sean123456","session":"ps9kmo2vm6o28inc8c6dpj7bgt"} response:{"result":1,"message":"\u0e40\u0e02\u0e49\u0e32\u0e2a\u0e39\u0e48\u0e23\u0e30\u0e1a\u0e1a"}
2023-09-21 04:47:10 ::1 request:{"email":"songkran","password":"0967454821","session":"ps9kmo2vm6o28inc8c6dpj7bgt"} response:{"result":0,"message":"\u0e40\u0e02\u0e49\u0e32\u0e2a\u0e39\u0e48\u0e23\u0e30\u0e1a\u0e1a\u0e44\u0e21\u0e48\u0e2a\u0e33\u0e40\u0e23\u0e47\u0e08"}
2023-09-21 04:47:15 ::1 request:{"email":"Sean@gmail.com","password":"Sean123456","session":"ps9kmo2vm6o28inc8c6dpj7bgt"} response:{"result":1,"message":"\u0e40\u0e02\u0e49\u0e32\u0e2a\u0e39\u0e48\u0e23\u0e30\u0e1a\u0e1a"}
2023-09-21 04:47:56 ::1 request:{"email":"Sean@gmail.com","password":"Sean123456","session":"ps9kmo2vm6o28inc8c6dpj7bgt"} response:{"result":1,"message":"\u0e40\u0e02\u0e49\u0e32\u0e2a\u0e39\u0e48\u0e23\u0e30\u0e1a\u0e1a"}
2023-09-21 04:48:15 ::1 request:{"email":"Sean@gmail.com","password":"Sean123456","session":"ps9kmo2vm6o28inc8c6dpj7bgt"} response:{"result":1,"message":"\u0e40\u0e02\u0e49\u0e32\u0e2a\u0e39\u0e48\u0e23\u0e30\u0e1a\u0e1a"}
2023-09-21 04:48:32 ::1 request:{"email":"Sean@gmail.com","password":"Sean123456","session":"ps9kmo2vm6o28inc8c6dpj7bgt"} response:{"result":1,"message":"\u0e40\u0e02\u0e49\u0e32\u0e2a\u0e39\u0e48\u0e23\u0e30\u0e1a\u0e1a"}
2023-09-21 04:49:14 ::1 request:{"email":"Sean@gmail.com","password":"Sean123456","session":"ps9kmo2vm6o28inc8c6dpj7bgt"} response:{"result":1,"message":"\u0e40\u0e02\u0e49\u0e32\u0e2a\u0e39\u0e48\u0e23\u0e30\u0e1a\u0e1a"}
2023-09-21 04:49:36 ::1 request:{"email":"Sean@gmail.com","password":"Sean123456","session":"ps9kmo2vm6o28inc8c6dpj7bgt"} response:{"result":1,"message":"\u0e40\u0e02\u0e49\u0e32\u0e2a\u0e39\u0e48\u0e23\u0e30\u0e1a\u0e1a"}
2023-09-21 09:46:07 ::1 request:{"email":"Sean@gmail.com","password":"Sean123456","session":"nihn7jqjvuo3s8na0c3mhiu7o6"} response:{"result":1,"message":"\u0e40\u0e02\u0e49\u0e32\u0e2a\u0e39\u0e48\u0e23\u0e30\u0e1a\u0e1a"}
2023-09-21 10:15:31 127.0.0.1 request:{
  "email":"Sean@gmail.com",
  "password":"Sean123456"
} response:{"result":1,"message":"\u0e40\u0e02\u0e49\u0e32\u0e2a\u0e39\u0e48\u0e23\u0e30\u0e1a\u0e1a"}
2023-09-21 10:16:41 ::1 request:{"email":"Sean@gmail.com","password":"Sean123456","session":"nihn7jqjvuo3s8na0c3mhiu7o6"} response:{"result":1,"message":"\u0e40\u0e02\u0e49\u0e32\u0e2a\u0e39\u0e48\u0e23\u0e30\u0e1a\u0e1a"}
2023-09-21 10:59:08 ::1 request:{"email":"Sean@gmail.com","password":"Sean123456","session":"k5jou7s6jh92hek3f5ittf1fbg"} response:{"result":1,"message":"\u0e40\u0e02\u0e49\u0e32\u0e2a\u0e39\u0e48\u0e23\u0e30\u0e1a\u0e1a"}
2023-09-21 11:10:20 ::1 request:{"email":"Sean@gmail.com","password":"Sean123456","session":"6qman3s10qargk0rta55c92nit"} response:{"result":1,"message":"\u0e40\u0e02\u0e49\u0e32\u0e2a\u0e39\u0e48\u0e23\u0e30\u0e1a\u0e1a"}
2023-09-21 11:10:54 ::1 request:{"email":"Sean@gmail.com","password":"Sean123456","session":"6qman3s10qargk0rta55c92nit"} response:{"result":1,"message":"\u0e40\u0e02\u0e49\u0e32\u0e2a\u0e39\u0e48\u0e23\u0e30\u0e1a\u0e1a"}
2023-09-21 11:21:27 ::1 request:{"email":"Sean@gmail.com","password":"Sean123456","session":"nihn7jqjvuo3s8na0c3mhiu7o6"} response:{"result":1,"message":"\u0e40\u0e02\u0e49\u0e32\u0e2a\u0e39\u0e48\u0e23\u0e30\u0e1a\u0e1a"}
2023-09-21 11:21:42 ::1 request:{"email":"Sean@gmail.com","password":"Sean123456","session":"nihn7jqjvuo3s8na0c3mhiu7o6"} response:{"result":1,"message":"\u0e40\u0e02\u0e49\u0e32\u0e2a\u0e39\u0e48\u0e23\u0e30\u0e1a\u0e1a"}
2023-09-21 11:22:27 ::1 request:{"email":"Sean@gmail.com","password":"Sean123456","session":"nihn7jqjvuo3s8na0c3mhiu7o6"} response:{"result":1,"message":"\u0e40\u0e02\u0e49\u0e32\u0e2a\u0e39\u0e48\u0e23\u0e30\u0e1a\u0e1a"}
2023-09-21 11:23:18 ::1 request:{"email":"Sean@gmail.com","password":"Sean123456","session":"nihn7jqjvuo3s8na0c3mhiu7o6"} response:{"result":1,"message":"\u0e40\u0e02\u0e49\u0e32\u0e2a\u0e39\u0e48\u0e23\u0e30\u0e1a\u0e1a"}
2023-09-21 11:23:39 ::1 request:{"email":"Sean@gmail.com","password":"Sean123456","session":"nihn7jqjvuo3s8na0c3mhiu7o6"} response:{"result":1,"message":"\u0e40\u0e02\u0e49\u0e32\u0e2a\u0e39\u0e48\u0e23\u0e30\u0e1a\u0e1a"}
2023-09-21 11:25:20 ::1 request:{"email":"Sean@gmail.com","password":"Sean123456","session":"nihn7jqjvuo3s8na0c3mhiu7o6"} response:{"result":1,"message":"\u0e40\u0e02\u0e49\u0e32\u0e2a\u0e39\u0e48\u0e23\u0e30\u0e1a\u0e1a"}
2023-09-21 11:25:48 ::1 request:{"email":"Sean@gmail.com","password":"0967454821","session":"akgemavo3n73onbgb383r1pvpg"} response:{"result":0,"message":"\u0e40\u0e02\u0e49\u0e32\u0e2a\u0e39\u0e48\u0e23\u0e30\u0e1a\u0e1a\u0e44\u0e21\u0e48\u0e2a\u0e33\u0e40\u0e23\u0e47\u0e08"}
2023-09-21 11:25:57 ::1 request:{"email":"Sean@gmail.com","password":"Sean123456","session":"akgemavo3n73onbgb383r1pvpg"} response:{"result":1,"message":"\u0e40\u0e02\u0e49\u0e32\u0e2a\u0e39\u0e48\u0e23\u0e30\u0e1a\u0e1a"}
2023-09-21 11:45:05 ::1 request:{"email":"Sean@gmail.com","password":"0967454821","session":"8tjg07653d5cno8sbrrd25ku9b"} response:{"result":0,"message":"\u0e40\u0e02\u0e49\u0e32\u0e2a\u0e39\u0e48\u0e23\u0e30\u0e1a\u0e1a\u0e44\u0e21\u0e48\u0e2a\u0e33\u0e40\u0e23\u0e47\u0e08"}
2023-09-21 11:45:39 ::1 request:{"email":"Sean@gmail.com","password":"Sean123456","session":"8tjg07653d5cno8sbrrd25ku9b"} response:{"result":1,"message":"\u0e40\u0e02\u0e49\u0e32\u0e2a\u0e39\u0e48\u0e23\u0e30\u0e1a\u0e1a"}
2023-09-21 11:47:36 127.0.0.1 request:{
  "email":"Sean@gmail.com",
  "password":"Sean123456"
} response:{"result":1,"message":"\u0e40\u0e02\u0e49\u0e32\u0e2a\u0e39\u0e48\u0e23\u0e30\u0e1a\u0e1a"}
2023-09-21 12:03:35 ::1 request:{"email":"Sean@gmail.com","password":"Sean123456","session":"nihn7jqjvuo3s8na0c3mhiu7o6"} response:{"result":1,"message":"\u0e40\u0e02\u0e49\u0e32\u0e2a\u0e39\u0e48\u0e23\u0e30\u0e1a\u0e1a"}
2023-09-21 12:04:42 ::1 request: response:{"result":0,"message":"\u0e40\u0e02\u0e49\u0e32\u0e2a\u0e39\u0e48\u0e23\u0e30\u0e1a\u0e1a\u0e44\u0e21\u0e48\u0e2a\u0e33\u0e40\u0e23\u0e47\u0e08"}
2023-09-27 02:14:18 ::1 request:{"email":"Sean@gmail.com","password":"Sean123456","session":"67orhc5shdalhhdpn0u225epgf"} response:{"result":1,"message":"\u0e40\u0e02\u0e49\u0e32\u0e2a\u0e39\u0e48\u0e23\u0e30\u0e1a\u0e1a"}
2023-09-27 17:16:03 ::1 request:{"email":"Sean@gmail.com","password":"Sean123456","session":"s4f28lao6fc31h06a3thmg4utd"} response:{"result":1,"message":"\u0e40\u0e02\u0e49\u0e32\u0e2a\u0e39\u0e48\u0e23\u0e30\u0e1a\u0e1a"}
2023-09-28 10:19:33 127.0.0.1 request: response:{"result":0,"message":"\u0e40\u0e02\u0e49\u0e32\u0e2a\u0e39\u0e48\u0e23\u0e30\u0e1a\u0e1a\u0e44\u0e21\u0e48\u0e2a\u0e33\u0e40\u0e23\u0e47\u0e08"}
2023-09-28 10:19:36 127.0.0.1 request: response:{"result":0,"message":"\u0e40\u0e02\u0e49\u0e32\u0e2a\u0e39\u0e48\u0e23\u0e30\u0e1a\u0e1a\u0e44\u0e21\u0e48\u0e2a\u0e33\u0e40\u0e23\u0e47\u0e08"}
2023-09-28 10:21:26 127.0.0.1 request: response:{"result":0,"message":"\u0e40\u0e02\u0e49\u0e32\u0e2a\u0e39\u0e48\u0e23\u0e30\u0e1a\u0e1a\u0e44\u0e21\u0e48\u0e2a\u0e33\u0e40\u0e23\u0e47\u0e08"}
2023-09-28 10:21:53 127.0.0.1 request: response:{"result":0,"message":"\u0e40\u0e02\u0e49\u0e32\u0e2a\u0e39\u0e48\u0e23\u0e30\u0e1a\u0e1a\u0e44\u0e21\u0e48\u0e2a\u0e33\u0e40\u0e23\u0e47\u0e08"}
2023-09-28 12:33:35 ::1 request:{"email":"Sean@gmail.com","password":"Sean123456","session":"h8gp2i5p8tcl88uk1sq8rjgbnu"} response:{"result":1,"message":"\u0e40\u0e02\u0e49\u0e32\u0e2a\u0e39\u0e48\u0e23\u0e30\u0e1a\u0e1a"}
2023-10-04 09:17:18 ::1 request:{"email":"Sean@gmail.com","password":"Sean123456","session":"b0irqos8ge4plfieids1i0p2c6"} response:{"result":1,"message":"\u0e40\u0e02\u0e49\u0e32\u0e2a\u0e39\u0e48\u0e23\u0e30\u0e1a\u0e1a"}
2023-10-04 09:27:17 127.0.0.1 request:{
  "email":"Sean@gmail.com",
  "password":"Sean123456"
} response:{"result":1,"message":"\u0e40\u0e02\u0e49\u0e32\u0e2a\u0e39\u0e48\u0e23\u0e30\u0e1a\u0e1a"}
2023-10-04 09:34:04 127.0.0.1 request:{
  "email":"Sean@gmail.com",
  "password":"Sean123456"
} response:{"result":1,"message":"\u0e40\u0e02\u0e49\u0e32\u0e2a\u0e39\u0e48\u0e23\u0e30\u0e1a\u0e1a","datalist":{"id":"CUS002","name":"Sean Noel","email":"Sean@gmail.com"}}
2023-10-04 09:53:05 ::1 request:{"email":"Sean@gmail.com","password":"Sean123456","session":"b0irqos8ge4plfieids1i0p2c6"} response:{"result":1,"message":"\u0e40\u0e02\u0e49\u0e32\u0e2a\u0e39\u0e48\u0e23\u0e30\u0e1a\u0e1a","datalist":{"id":"CUS002","name":"Sean Noel","email":"Sean@gmail.com"}}
2023-10-04 10:02:51 ::1 request:{"email":"Sean@gmail.com","password":"Sean123456","session":"b0irqos8ge4plfieids1i0p2c6"} response:{"result":1,"message":"\u0e40\u0e02\u0e49\u0e32\u0e2a\u0e39\u0e48\u0e23\u0e30\u0e1a\u0e1a","datalist":{"id":"CUS002","name":"Sean Noel","email":"Sean@gmail.com"}}
2023-10-04 10:10:40 ::1 request:{"email":"Sean@gmail.com","password":"Sean123456","session":"b0irqos8ge4plfieids1i0p2c6"} response:{"result":1,"message":"\u0e40\u0e02\u0e49\u0e32\u0e2a\u0e39\u0e48\u0e23\u0e30\u0e1a\u0e1a","datalist":{"id":"CUS002","name":"Sean Noel","email":"Sean@gmail.com"}}
2023-10-04 10:11:08 ::1 request:{"email":"Sean@gmail.com","password":"Sean123456","session":"b0irqos8ge4plfieids1i0p2c6"} response:{"result":1,"message":"\u0e40\u0e02\u0e49\u0e32\u0e2a\u0e39\u0e48\u0e23\u0e30\u0e1a\u0e1a","datalist":{"id":"CUS002","name":"Sean Noel","email":"Sean@gmail.com"}}
2023-10-04 10:14:28 ::1 request:{"email":"Sean@gmail.com","password":"Sean123456","session":"b0irqos8ge4plfieids1i0p2c6"} response:{"result":1,"message":"\u0e40\u0e02\u0e49\u0e32\u0e2a\u0e39\u0e48\u0e23\u0e30\u0e1a\u0e1a","datalist":{"id":"CUS002","name":"Sean Noel","email":"Sean@gmail.com"}}
2023-10-04 10:14:35 ::1 request:{"email":"Sean@gmail.com","password":"Sean123456","session":"b0irqos8ge4plfieids1i0p2c6"} response:{"result":1,"message":"\u0e40\u0e02\u0e49\u0e32\u0e2a\u0e39\u0e48\u0e23\u0e30\u0e1a\u0e1a","datalist":{"id":"CUS002","name":"Sean Noel","email":"Sean@gmail.com"}}
2023-10-04 10:21:19 ::1 request:{"email":"Sean@gmail.com","password":"Sean123456","session":"b0irqos8ge4plfieids1i0p2c6"} response:{"result":1,"message":"\u0e40\u0e02\u0e49\u0e32\u0e2a\u0e39\u0e48\u0e23\u0e30\u0e1a\u0e1a","datalist":{"id":"CUS002","name":"Sean Noel","email":"Sean@gmail.com"}}
2023-10-04 10:22:01 ::1 request:{"email":"Sean@gmail.com","password":"123456","session":"b0irqos8ge4plfieids1i0p2c6"} response:{"result":0,"message":"\u0e40\u0e02\u0e49\u0e32\u0e2a\u0e39\u0e48\u0e23\u0e30\u0e1a\u0e1a\u0e44\u0e21\u0e48\u0e2a\u0e33\u0e40\u0e23\u0e47\u0e08","datalist":null}
2023-10-04 10:22:12 ::1 request:{"email":"Sean@gmail.com","password":"Sean123456","session":"b0irqos8ge4plfieids1i0p2c6"} response:{"result":1,"message":"\u0e40\u0e02\u0e49\u0e32\u0e2a\u0e39\u0e48\u0e23\u0e30\u0e1a\u0e1a","datalist":{"id":"CUS002","name":"Sean Noel","email":"Sean@gmail.com"}}
2023-10-04 14:14:44 ::1 request:{"email":"Sean@gmail.com","password":"Sean123456","session":"b0irqos8ge4plfieids1i0p2c6"} response:{"result":1,"message":"\u0e40\u0e02\u0e49\u0e32\u0e2a\u0e39\u0e48\u0e23\u0e30\u0e1a\u0e1a","datalist":{"id":"CUS002","name":"Sean Noel","email":"Sean@gmail.com"}}
2023-10-12 10:14:24 ::1 request:{"email":"Sean@gmail.com","password":"Sean123456","session":"3qvtfvqv63l9mg0n6j2fklddsb"} response:{"result":1,"message":"\u0e40\u0e02\u0e49\u0e32\u0e2a\u0e39\u0e48\u0e23\u0e30\u0e1a\u0e1a","datalist":{"id":"CUS002","name":"Sean Noel","email":"Sean@gmail.com"}}
2023-10-12 10:37:18 ::1 request:{"email":"Sean@gmail.com","password":"Sean123456","session":"3qvtfvqv63l9mg0n6j2fklddsb"} response:{"result":1,"message":"\u0e40\u0e02\u0e49\u0e32\u0e2a\u0e39\u0e48\u0e23\u0e30\u0e1a\u0e1a","datalist":{"id":"CUS002","name":"Sean Noel","email":"Sean@gmail.com"}}
2023-10-13 19:54:20 ::1 request:{"email":"Sean@gmail.com","password":"Sean123456","session":"jq1gvn44262panaeg4uvm662r3"} response:{"result":1,"message":"\u0e40\u0e02\u0e49\u0e32\u0e2a\u0e39\u0e48\u0e23\u0e30\u0e1a\u0e1a","datalist":{"id":"CUS002","name":"Sean Noel","email":"Sean@gmail.com"}}
2023-10-16 12:18:49 ::1 request:{"email":"Sean@gmail.com","password":"Sean123456","session":"2iecg2g04oq4kp1bq5qv25a4nl"} response:{"result":1,"message":"\u0e40\u0e02\u0e49\u0e32\u0e2a\u0e39\u0e48\u0e23\u0e30\u0e1a\u0e1a","datalist":{"id":"CUS002","name":"Sean Noel","email":"Sean@gmail.com"}}
2023-10-16 14:08:28 ::1 request:{"email":"Sean@gmail.com","password":"Sean123456","session":"4e787t4n2pjlip8kfd6g88pg1h"} response:{"result":1,"message":"\u0e40\u0e02\u0e49\u0e32\u0e2a\u0e39\u0e48\u0e23\u0e30\u0e1a\u0e1a","datalist":{"id":"CUS002","name":"Sean Noel","email":"Sean@gmail.com"}}
2023-10-16 14:21:47 ::1 request:{"email":"whan@gmail.com","password":"whan123456","session":"4e787t4n2pjlip8kfd6g88pg1h"} response:{"result":1,"message":"\u0e40\u0e02\u0e49\u0e32\u0e2a\u0e39\u0e48\u0e23\u0e30\u0e1a\u0e1a","datalist":{"id":"CUS001","name":"Chatwimon","email":"whan@gmail.com"}}